#! /usr/bin/vvp
:ivl_version "11.0 (stable)";
:ivl_delay_selection "TYPICAL";
:vpi_time_precision - 12;
:vpi_module "/usr/lib/x86_64-linux-gnu/ivl/system.vpi";
:vpi_module "/usr/lib/x86_64-linux-gnu/ivl/vhdl_sys.vpi";
:vpi_module "/usr/lib/x86_64-linux-gnu/ivl/vhdl_textio.vpi";
:vpi_module "/usr/lib/x86_64-linux-gnu/ivl/v2005_math.vpi";
:vpi_module "/usr/lib/x86_64-linux-gnu/ivl/va_math.vpi";
S_0x5610adb6dbf0 .scope module, "tb" "tb" 2 3;
 .timescale -9 -12;
P_0x5610adb6dd80 .param/str "MEMFILE" 0 2 11, "teste.txt";
v0x5610adb8c180_0 .var "ALU_OP_i", 3 0;
v0x5610adb8c260_0 .net "ALU_RD_o", 31 0, v0x5610adb8bc70_0;  1 drivers
v0x5610adb8c300_0 .var "ALU_RS1_i", 31 0;
v0x5610adb8c3a0_0 .var "ALU_RS2_i", 31 0;
v0x5610adb8c470_0 .net "ALU_ZR_o", 0 0, L_0x5610adb9c8b0;  1 drivers
v0x5610adb8c560_0 .var "expected_rd", 31 0;
v0x5610adb8c600_0 .var "expected_zero", 0 0;
v0x5610adb8c6a0_0 .var/i "i", 31 0;
v0x5610adb8c780 .array "test_mem", 512 0, 103 0;
S_0x5610adb6de20 .scope module, "uut" "Alu" 2 19, 3 1 0, S_0x5610adb6dbf0;
 .timescale 0 0;
    .port_info 0 /INPUT 4 "ALU_OP_i";
    .port_info 1 /INPUT 32 "ALU_RS1_i";
    .port_info 2 /INPUT 32 "ALU_RS2_i";
    .port_info 3 /OUTPUT 32 "ALU_RD_o";
    .port_info 4 /OUTPUT 1 "ALU_ZR_o";
P_0x5610adb2ccf0 .param/l "AND" 1 3 10, C4<0000>;
P_0x5610adb2cd30 .param/l "EQUAL" 1 3 23, C4<0011>;
P_0x5610adb2cd70 .param/l "GREATER_EQUAL" 1 3 14, C4<1100>;
P_0x5610adb2cdb0 .param/l "GREATER_EQUAL_U" 1 3 15, C4<1101>;
P_0x5610adb2cdf0 .param/l "NOR" 1 3 22, C4<1001>;
P_0x5610adb2ce30 .param/l "OR" 1 3 11, C4<0001>;
P_0x5610adb2ce70 .param/l "SHIFT_LEFT" 1 3 18, C4<0100>;
P_0x5610adb2ceb0 .param/l "SHIFT_RIGHT" 1 3 19, C4<0101>;
P_0x5610adb2cef0 .param/l "SHIFT_RIGHT_A" 1 3 20, C4<0111>;
P_0x5610adb2cf30 .param/l "SLT" 1 3 16, C4<1110>;
P_0x5610adb2cf70 .param/l "SLT_U" 1 3 17, C4<1111>;
P_0x5610adb2cfb0 .param/l "SUB" 1 3 13, C4<1010>;
P_0x5610adb2cff0 .param/l "SUM" 1 3 12, C4<0010>;
P_0x5610adb2d030 .param/l "XOR" 1 3 21, C4<1000>;
v0x5610adb5a670_0 .net "ALU_OP_i", 3 0, v0x5610adb8c180_0;  1 drivers
v0x5610adb8bc70_0 .var "ALU_RD_o", 31 0;
v0x5610adb8bd50_0 .net "ALU_RS1_i", 31 0, v0x5610adb8c300_0;  1 drivers
v0x5610adb8be10_0 .net "ALU_RS2_i", 31 0, v0x5610adb8c3a0_0;  1 drivers
v0x5610adb8bef0_0 .net "ALU_ZR_o", 0 0, L_0x5610adb9c8b0;  alias, 1 drivers
L_0x7f6512f58018 .functor BUFT 1, C4<00000000000000000000000000000000>, C4<0>, C4<0>, C4<0>;
v0x5610adb8c000_0 .net/2u *"_ivl_0", 31 0, L_0x7f6512f58018;  1 drivers
E_0x5610adb65830 .event edge, v0x5610adb5a670_0, v0x5610adb8bd50_0, v0x5610adb8be10_0;
L_0x5610adb9c8b0 .cmp/eq 32, v0x5610adb8bc70_0, L_0x7f6512f58018;
    .scope S_0x5610adb6de20;
T_0 ;
    %wait E_0x5610adb65830;
    %load/vec4 v0x5610adb5a670_0;
    %dup/vec4;
    %pushi/vec4 0, 0, 4;
    %cmp/u;
    %jmp/1 T_0.0, 6;
    %dup/vec4;
    %pushi/vec4 1, 0, 4;
    %cmp/u;
    %jmp/1 T_0.1, 6;
    %dup/vec4;
    %pushi/vec4 2, 0, 4;
    %cmp/u;
    %jmp/1 T_0.2, 6;
    %dup/vec4;
    %pushi/vec4 10, 0, 4;
    %cmp/u;
    %jmp/1 T_0.3, 6;
    %dup/vec4;
    %pushi/vec4 12, 0, 4;
    %cmp/u;
    %jmp/1 T_0.4, 6;
    %dup/vec4;
    %pushi/vec4 13, 0, 4;
    %cmp/u;
    %jmp/1 T_0.5, 6;
    %dup/vec4;
    %pushi/vec4 14, 0, 4;
    %cmp/u;
    %jmp/1 T_0.6, 6;
    %dup/vec4;
    %pushi/vec4 15, 0, 4;
    %cmp/u;
    %jmp/1 T_0.7, 6;
    %dup/vec4;
    %pushi/vec4 4, 0, 4;
    %cmp/u;
    %jmp/1 T_0.8, 6;
    %dup/vec4;
    %pushi/vec4 5, 0, 4;
    %cmp/u;
    %jmp/1 T_0.9, 6;
    %dup/vec4;
    %pushi/vec4 7, 0, 4;
    %cmp/u;
    %jmp/1 T_0.10, 6;
    %dup/vec4;
    %pushi/vec4 8, 0, 4;
    %cmp/u;
    %jmp/1 T_0.11, 6;
    %dup/vec4;
    %pushi/vec4 9, 0, 4;
    %cmp/u;
    %jmp/1 T_0.12, 6;
    %dup/vec4;
    %pushi/vec4 3, 0, 4;
    %cmp/u;
    %jmp/1 T_0.13, 6;
    %jmp T_0.15;
T_0.0 ;
    %load/vec4 v0x5610adb8bd50_0;
    %load/vec4 v0x5610adb8be10_0;
    %and;
    %store/vec4 v0x5610adb8bc70_0, 0, 32;
    %jmp T_0.15;
T_0.1 ;
    %load/vec4 v0x5610adb8bd50_0;
    %load/vec4 v0x5610adb8be10_0;
    %or;
    %store/vec4 v0x5610adb8bc70_0, 0, 32;
    %jmp T_0.15;
T_0.2 ;
    %load/vec4 v0x5610adb8bd50_0;
    %load/vec4 v0x5610adb8be10_0;
    %add;
    %store/vec4 v0x5610adb8bc70_0, 0, 32;
    %jmp T_0.15;
T_0.3 ;
    %load/vec4 v0x5610adb8bd50_0;
    %load/vec4 v0x5610adb8be10_0;
    %sub;
    %store/vec4 v0x5610adb8bc70_0, 0, 32;
    %jmp T_0.15;
T_0.4 ;
    %load/vec4 v0x5610adb8be10_0;
    %load/vec4 v0x5610adb8bd50_0;
    %cmp/u;
    %flag_get/vec4 4;
    %flag_get/vec4 5;
    %or;
    %pad/u 32;
    %store/vec4 v0x5610adb8bc70_0, 0, 32;
    %jmp T_0.15;
T_0.5 ;
    %load/vec4 v0x5610adb8be10_0;
    %load/vec4 v0x5610adb8bd50_0;
    %cmpi/u 0, 0, 32;
    %flag_mov 8, 5;
    %jmp/0 T_0.16, 8;
    %load/vec4 v0x5610adb8bd50_0;
    %inv;
    %pushi/vec4 1, 0, 32;
    %add;
    %jmp/1 T_0.17, 8;
T_0.16 ; End of true expr.
    %load/vec4 v0x5610adb8bd50_0;
    %jmp/0 T_0.17, 8;
 ; End of false expr.
    %blend;
T_0.17;
    %cmp/u;
    %flag_get/vec4 4;
    %flag_get/vec4 5;
    %or;
    %pad/u 32;
    %store/vec4 v0x5610adb8bc70_0, 0, 32;
    %jmp T_0.15;
T_0.6 ;
    %load/vec4 v0x5610adb8bd50_0;
    %load/vec4 v0x5610adb8be10_0;
    %cmp/u;
    %flag_get/vec4 5;
    %pad/u 32;
    %store/vec4 v0x5610adb8bc70_0, 0, 32;
    %jmp T_0.15;
T_0.7 ;
    %load/vec4 v0x5610adb8bd50_0;
    %load/vec4 v0x5610adb8be10_0;
    %cmp/u;
    %flag_get/vec4 5;
    %pad/u 32;
    %store/vec4 v0x5610adb8bc70_0, 0, 32;
    %jmp T_0.15;
T_0.8 ;
    %load/vec4 v0x5610adb8bd50_0;
    %ix/getv 4, v0x5610adb8be10_0;
    %shiftl 4;
    %store/vec4 v0x5610adb8bc70_0, 0, 32;
    %jmp T_0.15;
T_0.9 ;
    %load/vec4 v0x5610adb8bd50_0;
    %ix/getv 4, v0x5610adb8be10_0;
    %shiftr 4;
    %store/vec4 v0x5610adb8bc70_0, 0, 32;
    %jmp T_0.15;
T_0.10 ;
    %load/vec4 v0x5610adb8bd50_0;
    %ix/getv 4, v0x5610adb8be10_0;
    %shiftr 4;
    %store/vec4 v0x5610adb8bc70_0, 0, 32;
    %jmp T_0.15;
T_0.11 ;
    %load/vec4 v0x5610adb8bd50_0;
    %load/vec4 v0x5610adb8be10_0;
    %xor;
    %store/vec4 v0x5610adb8bc70_0, 0, 32;
    %jmp T_0.15;
T_0.12 ;
    %load/vec4 v0x5610adb8bd50_0;
    %load/vec4 v0x5610adb8be10_0;
    %or;
    %nor/r;
    %pad/u 32;
    %store/vec4 v0x5610adb8bc70_0, 0, 32;
    %jmp T_0.15;
T_0.13 ;
    %load/vec4 v0x5610adb8bd50_0;
    %load/vec4 v0x5610adb8be10_0;
    %cmp/e;
    %flag_get/vec4 4;
    %pad/u 32;
    %store/vec4 v0x5610adb8bc70_0, 0, 32;
    %jmp T_0.15;
T_0.15 ;
    %pop/vec4 1;
    %jmp T_0;
    .thread T_0, $push;
    .scope S_0x5610adb6dbf0;
T_1 ;
    %vpi_call 2 28 "$dumpfile", "saida.vcd" {0 0 0};
    %vpi_call 2 29 "$dumpvars", 32'sb00000000000000000000000000000000, S_0x5610adb6dbf0 {0 0 0};
    %vpi_call 2 31 "$display", "Iniciando Testbench..." {0 0 0};
    %vpi_call 2 32 "$readmemh", P_0x5610adb6dd80, v0x5610adb8c780 {0 0 0};
    %pushi/vec4 0, 0, 32;
    %store/vec4 v0x5610adb8c6a0_0, 0, 32;
T_1.0 ;
    %load/vec4 v0x5610adb8c6a0_0;
    %cmpi/s 324, 0, 32;
    %jmp/0xz T_1.1, 5;
    %ix/getv/s 4, v0x5610adb8c6a0_0;
    %load/vec4a v0x5610adb8c780, 4;
    %xor/r;
    %cmpi/e 1, 1, 1;
    %jmp/0xz  T_1.2, 6;
    %vpi_call 2 36 "$display", "Fim dos testes ou entrada inv\303\241lida em linha %0d", v0x5610adb8c6a0_0 {0 0 0};
    %vpi_call 2 37 "$finish" {0 0 0};
T_1.2 ;
    %ix/getv/s 4, v0x5610adb8c6a0_0;
    %load/vec4a v0x5610adb8c780, 4;
    %parti/s 4, 100, 8;
    %store/vec4 v0x5610adb8c180_0, 0, 4;
    %ix/getv/s 4, v0x5610adb8c6a0_0;
    %load/vec4a v0x5610adb8c780, 4;
    %parti/s 32, 68, 8;
    %store/vec4 v0x5610adb8c300_0, 0, 32;
    %ix/getv/s 4, v0x5610adb8c6a0_0;
    %load/vec4a v0x5610adb8c780, 4;
    %parti/s 32, 36, 7;
    %store/vec4 v0x5610adb8c3a0_0, 0, 32;
    %ix/getv/s 4, v0x5610adb8c6a0_0;
    %load/vec4a v0x5610adb8c780, 4;
    %parti/s 32, 4, 4;
    %store/vec4 v0x5610adb8c560_0, 0, 32;
    %ix/getv/s 4, v0x5610adb8c6a0_0;
    %load/vec4a v0x5610adb8c780, 4;
    %parti/s 4, 0, 2;
    %pushi/vec4 0, 0, 4;
    %cmp/ne;
    %flag_get/vec4 4;
    %store/vec4 v0x5610adb8c600_0, 0, 1;
    %delay 1000, 0;
    %load/vec4 v0x5610adb8c260_0;
    %load/vec4 v0x5610adb8c560_0;
    %cmp/e;
    %jmp/0xz  T_1.4, 6;
    %vpi_call 2 51 "$display", "=== OK  [%0d] OP:%h RS1:%h RS2:%h => RD:%h (esperado)", v0x5610adb8c6a0_0, v0x5610adb8c180_0, v0x5610adb8c300_0, v0x5610adb8c3a0_0, v0x5610adb8c260_0 {0 0 0};
    %jmp T_1.5;
T_1.4 ;
    %vpi_call 2 53 "$display", "=== ERRO[%0d] OP:%h RS1:%h RS2:%h => RD:%h (esperado: %h)", v0x5610adb8c6a0_0, v0x5610adb8c180_0, v0x5610adb8c300_0, v0x5610adb8c3a0_0, v0x5610adb8c260_0, v0x5610adb8c560_0 {0 0 0};
T_1.5 ;
    %delay 5000, 0;
    %load/vec4 v0x5610adb8c6a0_0;
    %addi 1, 0, 32;
    %store/vec4 v0x5610adb8c6a0_0, 0, 32;
    %jmp T_1.0;
T_1.1 ;
    %vpi_call 2 59 "$display", "Testbench finalizado com sucesso." {0 0 0};
    %vpi_call 2 60 "$finish" {0 0 0};
    %end;
    .thread T_1;
# The file index is used to find the file name in the following table.
:file_names 4;
    "N/A";
    "<interactive>";
    "tb.v";
    "alu.v";
